2020-09-29 07:42:10 [@vmsr-glpi]
Internal #1: Launch createinquest
2020-09-29 07:44:15 [@vmsr-glpi]
Internal #1: Launch watcher
2020-09-29 07:51:29 [2@vmsr-glpi]
Internal #1: Launch ticketrecurrent
2020-09-29 08:02:38 [2@vmsr-glpi]
Internal #1: Launch planningrecall
2020-09-29 08:17:08 [2@vmsr-glpi]
Internal #1: Launch queuednotification
2020-09-29 08:33:07 [2@vmsr-glpi]
Internal #1: Launch queuednotificationclean
2020-09-29 08:39:00 [2@vmsr-glpi]
Internal #1: Launch temp
2020-09-29 08:44:34 [2@vmsr-glpi]
Internal #1: Launch mailgateerror
2020-09-29 08:58:53 [2@vmsr-glpi]
Internal #1: Launch contract
2020-09-29 10:39:15 [@vmsr-glpi]
Internal #1: Launch infocom
2020-09-29 10:39:31 [@vmsr-glpi]
Internal #1: Launch mailgate
2020-09-29 10:39:46 [@vmsr-glpi]
Internal #1: Launch session
2020-09-29 11:25:47 [2@vmsr-glpi]
Internal #1: Launch graph
2020-09-29 11:52:52 [2@vmsr-glpi]
Internal #1: Launch reservation
2020-10-01 14:09:42 [2@vmsr-glpi]
Внутренний #1: Запуск closeticket
2020-10-01 14:15:25 [2@vmsr-glpi]
Внутренний #1: Запуск alertnotclosed
2020-10-02 08:26:28 [2@vmsr-glpi]
Внутренний #1: Запуск slaticket
2020-10-02 12:51:16 [2@vmsr-glpi]
Внутренний #1: Запуск olaticket
2020-10-02 12:51:22 [@vmsr-glpi]
Internal #1: Launch planningrecall
2020-10-02 12:51:44 [7@vmsr-glpi]
Internal #1: Launch queuednotification
2020-10-02 12:52:27 [@vmsr-glpi]
Internal #1: Launch ticketrecurrent
2020-10-02 13:03:25 [2@vmsr-glpi]
Внутренний #1: Запуск temp
2020-10-02 13:09:32 [@vmsr-glpi]
Internal #1: Launch mailgate
2020-10-02 14:01:14 [@vmsr-glpi]
Internal #1: Launch graph
2020-10-05 06:06:43 [7@vmsr-glpi]
Внутренний #1: Запуск reservation
2020-10-05 06:14:48 [@vmsr-glpi]
Internal #1: Launch createinquest
2020-10-05 06:18:41 [7@vmsr-glpi]
Внутренний #1: Запуск watcher
2020-10-05 06:35:47 [7@vmsr-glpi]
Внутренний #1: Запуск queuednotificationclean
2020-10-05 06:54:42 [7@vmsr-glpi]
Внутренний #1: Запуск mailgateerror
2020-10-05 07:14:49 [7@vmsr-glpi]
Внутренний #1: Запуск contract
